2023-06-13	21:44:22	c2923ebb-18ae-4a25-898d-be7b2c6d43e6	GET	undefined	/
2023-06-13	21:44:22	ba5fe31f-f292-4243-aa03-9ca618f4c0b7	GET	undefined	/css/styles.css
2023-06-13	21:45:38	43273f31-238e-44b1-9539-9bd4d3d5abe9	GET	undefined	/
2023-06-13	21:45:38	abef7437-a2b3-4f6e-9259-d2deabbd3eb5	GET	undefined	/css/styles.css
2023-06-13	21:46:12	c2398b0b-91c0-4814-a319-006c851d02e2	OPTIONS	https://www.google.com	/
2023-06-13	21:46:12	f298bc64-3f03-48a3-962e-a2632783b7fc	GET	https://www.google.com	/
2023-06-13	21:46:58	a847b996-82f1-42f4-9bcd-71c8caddad64	OPTIONS	https://www.google.com	/
2023-06-13	21:46:58	8896dd91-55f1-455d-965c-50f8a47115c7	GET	https://www.google.com	/
2023-06-13	21:49:18	5970c5c3-79f8-4dd6-95b1-815e776349d5	OPTIONS	https://www.google.com	/
2023-06-13	21:49:18	b0cd7541-25a5-49e3-a8af-d9c1d5ddf9f6	GET	https://www.google.com	/
2023-06-13	21:49:57	90ac9991-97da-418c-9009-6862214843b8	OPTIONS	https://www.google.com	/
2023-06-13	21:49:57	588b1cd3-5aa9-4d8a-abde-f1e02d8ea7f8	GET	https://www.google.com	/
2023-06-13	21:50:30	1bdd8924-d60b-4c12-9262-81e4e436d7e5	OPTIONS	https://www.google.com	/
2023-06-13	21:50:30	ee244263-b61a-4098-8511-b5670be2c27b	GET	https://www.google.com	/
2023-06-13	21:54:14	0ad40b80-be70-4c00-9c64-39c49442b219	OPTIONS	https://www.google.com	/
2023-06-13	21:54:14	ecd38356-8117-4b57-9881-596ae6bd6922	GET	https://www.google.com	/
2023-06-14	07:50:25	dd52c780-6d4c-4e23-b572-98f39dec9fda	GET	undefined	/
2023-06-14	07:53:38	a8612af0-eba0-4ca8-ad68-ac28c6bf6cbb	GET	undefined	/
2023-06-14	07:58:15	af03b034-0af9-436d-a73e-d238a3717518	GET	undefined	/
2023-06-14	07:58:15	de1c0aeb-5238-43c9-83f7-551565c35e4a	GET	undefined	/css/styles.css
2023-06-14	07:58:22	1c6870b6-099a-4958-a69b-5754b8adafc5	GET	undefined	/dasdasdas
2023-06-14	07:58:28	fac98f71-f2dd-452c-92e5-484c64972abd	GET	undefined	/dasdasdas.josn
2023-06-14	07:58:31	5d281a15-a5d0-437f-9231-5bef1499f33c	GET	undefined	/dasdasdas.json
2023-06-14	07:58:41	5aeaa6d6-df09-4aed-ad37-9f141fecfaf0	GET	undefined	/dasdasdas.json
2023-06-14	10:20:33	3db69505-bcc4-4d60-a2b8-83fac41c76f2	GET	undefined	/subdir/da
2023-06-14	10:20:41	59c7de4e-b1b7-4696-b80e-2b51b545df6f	GET	undefined	/subdir/index.html
2023-06-14	10:20:49	7349e647-52cd-4a01-9ec8-945837bdb0c6	GET	undefined	/subdir/indesd
2023-06-14	10:23:24	2d9b57f8-a99f-4584-ba22-4d245ff654c0	GET	undefined	/subdir/indesd
2023-06-14	10:23:24	3f56afaa-cebf-4ac4-8ccc-b0cfd96200a1	GET	undefined	/subdir/css/styles.css
